c:\5g simulator - reference (0813)\vs project_nrurllc system level simulation\vs project_nrurllc system level simulation\debug\vc140.pdb
c:\5g simulator - reference (0813)\vs project_nrurllc system level simulation\vs project_nrurllc system level simulation\debug\vc140.idb
c:\5g simulator - reference (0813)\vs project_nrurllc system level simulation\vs project_nrurllc system level simulation\debug\3dspatialchannelmodel_nrurllc.obj
c:\5g simulator - reference (0813)\vs project_nrurllc system level simulation\vs project_nrurllc system level simulation\debug\channelbs_nrurllc.obj
c:\5g simulator - reference (0813)\vs project_nrurllc system level simulation\vs project_nrurllc system level simulation\debug\channelms_nrurllc.obj
c:\5g simulator - reference (0813)\vs project_nrurllc system level simulation\vs project_nrurllc system level simulation\debug\channel_nrurllc.obj
c:\5g simulator - reference (0813)\vs project_nrurllc system level simulation\vs project_nrurllc system level simulation\debug\performancebs_nrurllc.obj
c:\5g simulator - reference (0813)\vs project_nrurllc system level simulation\vs project_nrurllc system level simulation\debug\performancems_nrurllc.obj
c:\5g simulator - reference (0813)\vs project_nrurllc system level simulation\vs project_nrurllc system level simulation\debug\performance_nrurllc.obj
c:\5g simulator - reference (0813)\vs project_nrurllc system level simulation\vs project_nrurllc system level simulation\debug\networkbs_nrurllc.obj
c:\5g simulator - reference (0813)\vs project_nrurllc system level simulation\vs project_nrurllc system level simulation\debug\networkms_nrurllc.obj
c:\5g simulator - reference (0813)\vs project_nrurllc system level simulation\vs project_nrurllc system level simulation\debug\schedulingbs_nrurllc.obj
c:\5g simulator - reference (0813)\vs project_nrurllc system level simulation\vs project_nrurllc system level simulation\debug\schedulingms_nrurllc.obj
c:\5g simulator - reference (0813)\vs project_nrurllc system level simulation\vs project_nrurllc system level simulation\debug\scheduling_nrurllc.obj
c:\5g simulator - reference (0813)\vs project_nrurllc system level simulation\vs project_nrurllc system level simulation\debug\global.obj
c:\5g simulator - reference (0813)\vs project_nrurllc system level simulation\vs project_nrurllc system level simulation\debug\systemsim_nrurllc.obj
c:\5g simulator - reference (0813)\vs project_nrurllc system level simulation\vs project_nrurllc system level simulation\debug\systembs_nrurllc.obj
c:\5g simulator - reference (0813)\vs project_nrurllc system level simulation\vs project_nrurllc system level simulation\debug\systemms_nrurllc.obj
c:\5g simulator - reference (0813)\vs project_nrurllc system level simulation\vs project_nrurllc system level simulation\debug\basicmain_nrurllc.obj
c:\5g simulator - reference (0813)\vs project_nrurllc system level simulation\vs project_nrurllc system level simulation\debug\network_nrurllc.obj
c:\5g simulator - reference (0813)\vs project_nrurllc system level simulation\debug\vs project_nrurllc system level simulation.pdb
c:\5g simulator - reference (0813)\vs project_nrurllc system level simulation\vs project_nrurllc system level simulation\debug\vs proje.bb89e1df.tlog\cl.command.1.tlog
c:\5g simulator - reference (0813)\vs project_nrurllc system level simulation\vs project_nrurllc system level simulation\debug\vs proje.bb89e1df.tlog\cl.read.1.tlog
c:\5g simulator - reference (0813)\vs project_nrurllc system level simulation\vs project_nrurllc system level simulation\debug\vs proje.bb89e1df.tlog\cl.write.1.tlog
c:\5g simulator - reference (0813)\vs project_nrurllc system level simulation\vs project_nrurllc system level simulation\debug\vs proje.bb89e1df.tlog\link-cvtres.read.1.tlog
c:\5g simulator - reference (0813)\vs project_nrurllc system level simulation\vs project_nrurllc system level simulation\debug\vs proje.bb89e1df.tlog\link-cvtres.write.1.tlog
c:\5g simulator - reference (0813)\vs project_nrurllc system level simulation\vs project_nrurllc system level simulation\debug\vs proje.bb89e1df.tlog\link-rc.read.1.tlog
c:\5g simulator - reference (0813)\vs project_nrurllc system level simulation\vs project_nrurllc system level simulation\debug\vs proje.bb89e1df.tlog\link-rc.write.1.tlog
c:\5g simulator - reference (0813)\vs project_nrurllc system level simulation\vs project_nrurllc system level simulation\debug\vs proje.bb89e1df.tlog\link.command.1.tlog
c:\5g simulator - reference (0813)\vs project_nrurllc system level simulation\vs project_nrurllc system level simulation\debug\vs proje.bb89e1df.tlog\link.read.1.tlog
c:\5g simulator - reference (0813)\vs project_nrurllc system level simulation\vs project_nrurllc system level simulation\debug\vs proje.bb89e1df.tlog\link.write.1.tlog
