c:\users\jaewon lee\dropbox\k-simsys\5g k-simsys (181205)\vs project_nrurllc system level simulation\vs project_nrurllc system level simulation\x64\debug\vc140.pdb
c:\users\jaewon lee\dropbox\k-simsys\5g k-simsys (181205)\vs project_nrurllc system level simulation\vs project_nrurllc system level simulation\x64\debug\vc140.idb
c:\users\jaewon lee\dropbox\k-simsys\5g k-simsys (181205)\vs project_nrurllc system level simulation\vs project_nrurllc system level simulation\x64\debug\channelms_nrurllc.obj
c:\users\jaewon lee\dropbox\k-simsys\5g k-simsys (181205)\vs project_nrurllc system level simulation\vs project_nrurllc system level simulation\x64\debug\channelurllcms_nrurllc.obj
c:\users\jaewon lee\dropbox\k-simsys\5g k-simsys (181205)\vs project_nrurllc system level simulation\vs project_nrurllc system level simulation\x64\debug\channel_nrurllc.obj
c:\users\jaewon lee\dropbox\k-simsys\5g k-simsys (181205)\vs project_nrurllc system level simulation\vs project_nrurllc system level simulation\x64\debug\performancebs_nrurllc.obj
c:\users\jaewon lee\dropbox\k-simsys\5g k-simsys (181205)\vs project_nrurllc system level simulation\vs project_nrurllc system level simulation\x64\debug\performancems_nrurllc.obj
c:\users\jaewon lee\dropbox\k-simsys\5g k-simsys (181205)\vs project_nrurllc system level simulation\vs project_nrurllc system level simulation\x64\debug\performanceurllcms_nrurllc.obj
c:\users\jaewon lee\dropbox\k-simsys\5g k-simsys (181205)\vs project_nrurllc system level simulation\vs project_nrurllc system level simulation\x64\debug\performance_nrurllc.obj
c:\users\jaewon lee\dropbox\k-simsys\5g k-simsys (181205)\vs project_nrurllc system level simulation\vs project_nrurllc system level simulation\x64\debug\networkbs_nrurllc.obj
c:\users\jaewon lee\dropbox\k-simsys\5g k-simsys (181205)\vs project_nrurllc system level simulation\vs project_nrurllc system level simulation\x64\debug\networkms_nrurllc.obj
c:\users\jaewon lee\dropbox\k-simsys\5g k-simsys (181205)\vs project_nrurllc system level simulation\vs project_nrurllc system level simulation\x64\debug\networkurllcms_nrurllc.obj
c:\users\jaewon lee\dropbox\k-simsys\5g k-simsys (181205)\vs project_nrurllc system level simulation\vs project_nrurllc system level simulation\x64\debug\network_nrurllc.obj
c:\users\jaewon lee\dropbox\k-simsys\5g k-simsys (181205)\vs project_nrurllc system level simulation\vs project_nrurllc system level simulation\x64\debug\schedulingbs_nrurllc.obj
c:\users\jaewon lee\dropbox\k-simsys\5g k-simsys (181205)\vs project_nrurllc system level simulation\vs project_nrurllc system level simulation\x64\debug\schedulingms_nrurllc.obj
c:\users\jaewon lee\dropbox\k-simsys\5g k-simsys (181205)\vs project_nrurllc system level simulation\vs project_nrurllc system level simulation\x64\debug\schedulingurllcms_nrurllc.obj
c:\users\jaewon lee\dropbox\k-simsys\5g k-simsys (181205)\vs project_nrurllc system level simulation\vs project_nrurllc system level simulation\x64\debug\scheduling_nrurllc.obj
c:\users\jaewon lee\dropbox\k-simsys\5g k-simsys (181205)\vs project_nrurllc system level simulation\vs project_nrurllc system level simulation\x64\debug\global.obj
c:\users\jaewon lee\dropbox\k-simsys\5g k-simsys (181205)\vs project_nrurllc system level simulation\vs project_nrurllc system level simulation\x64\debug\systemsim_nrurllc.obj
c:\users\jaewon lee\dropbox\k-simsys\5g k-simsys (181205)\vs project_nrurllc system level simulation\vs project_nrurllc system level simulation\x64\debug\systembs_nrurllc.obj
c:\users\jaewon lee\dropbox\k-simsys\5g k-simsys (181205)\vs project_nrurllc system level simulation\vs project_nrurllc system level simulation\x64\debug\systemms_nrurllc.obj
c:\users\jaewon lee\dropbox\k-simsys\5g k-simsys (181205)\vs project_nrurllc system level simulation\vs project_nrurllc system level simulation\x64\debug\systemurllcms_nrurllc.obj
c:\users\jaewon lee\dropbox\k-simsys\5g k-simsys (181205)\vs project_nrurllc system level simulation\vs project_nrurllc system level simulation\x64\debug\3dspatialchannelmodel_nrurllc.obj
c:\users\jaewon lee\dropbox\k-simsys\5g k-simsys (181205)\vs project_nrurllc system level simulation\vs project_nrurllc system level simulation\x64\debug\channelbs_nrurllc.obj
c:\simulator\5g k-simsys (181205)\vs project_nrurllc system level simulation\vs project_nrurllc system level simulation\x64\debug\vc140.pdb
c:\simulator\5g k-simsys (181205)\vs project_nrurllc system level simulation\vs project_nrurllc system level simulation\x64\debug\vc140.idb
c:\simulator\5g k-simsys (181205)\vs project_nrurllc system level simulation\vs project_nrurllc system level simulation\x64\debug\channelms_nrurllc.obj
c:\simulator\5g k-simsys (181205)\vs project_nrurllc system level simulation\vs project_nrurllc system level simulation\x64\debug\channelurllcms_nrurllc.obj
c:\simulator\5g k-simsys (181205)\vs project_nrurllc system level simulation\vs project_nrurllc system level simulation\x64\debug\channel_nrurllc.obj
c:\simulator\5g k-simsys (181205)\vs project_nrurllc system level simulation\vs project_nrurllc system level simulation\x64\debug\performancebs_nrurllc.obj
c:\simulator\5g k-simsys (181205)\vs project_nrurllc system level simulation\vs project_nrurllc system level simulation\x64\debug\performancems_nrurllc.obj
c:\simulator\5g k-simsys (181205)\vs project_nrurllc system level simulation\vs project_nrurllc system level simulation\x64\debug\performanceurllcms_nrurllc.obj
c:\simulator\5g k-simsys (181205)\vs project_nrurllc system level simulation\vs project_nrurllc system level simulation\x64\debug\performance_nrurllc.obj
c:\simulator\5g k-simsys (181205)\vs project_nrurllc system level simulation\vs project_nrurllc system level simulation\x64\debug\networkbs_nrurllc.obj
c:\simulator\5g k-simsys (181205)\vs project_nrurllc system level simulation\vs project_nrurllc system level simulation\x64\debug\networkms_nrurllc.obj
c:\simulator\5g k-simsys (181205)\vs project_nrurllc system level simulation\vs project_nrurllc system level simulation\x64\debug\networkurllcms_nrurllc.obj
c:\simulator\5g k-simsys (181205)\vs project_nrurllc system level simulation\vs project_nrurllc system level simulation\x64\debug\network_nrurllc.obj
c:\simulator\5g k-simsys (181205)\vs project_nrurllc system level simulation\vs project_nrurllc system level simulation\x64\debug\schedulingbs_nrurllc.obj
c:\simulator\5g k-simsys (181205)\vs project_nrurllc system level simulation\vs project_nrurllc system level simulation\x64\debug\schedulingms_nrurllc.obj
c:\simulator\5g k-simsys (181205)\vs project_nrurllc system level simulation\vs project_nrurllc system level simulation\x64\debug\schedulingurllcms_nrurllc.obj
c:\simulator\5g k-simsys (181205)\vs project_nrurllc system level simulation\vs project_nrurllc system level simulation\x64\debug\scheduling_nrurllc.obj
c:\simulator\5g k-simsys (181205)\vs project_nrurllc system level simulation\vs project_nrurllc system level simulation\x64\debug\global.obj
c:\simulator\5g k-simsys (181205)\vs project_nrurllc system level simulation\vs project_nrurllc system level simulation\x64\debug\systemsim_nrurllc.obj
c:\simulator\5g k-simsys (181205)\vs project_nrurllc system level simulation\vs project_nrurllc system level simulation\x64\debug\systembs_nrurllc.obj
c:\simulator\5g k-simsys (181205)\vs project_nrurllc system level simulation\vs project_nrurllc system level simulation\x64\debug\systemms_nrurllc.obj
c:\simulator\5g k-simsys (181205)\vs project_nrurllc system level simulation\vs project_nrurllc system level simulation\x64\debug\systemurllcms_nrurllc.obj
c:\simulator\5g k-simsys (181205)\vs project_nrurllc system level simulation\vs project_nrurllc system level simulation\x64\debug\3dspatialchannelmodel_nrurllc.obj
c:\simulator\5g k-simsys (181205)\vs project_nrurllc system level simulation\vs project_nrurllc system level simulation\x64\debug\channelbs_nrurllc.obj
c:\users\jaewon lee\dropbox\k-simsys\5g k-simsys (181205)\vs project_nrurllc system level simulation\x64\debug\vs project_nrurllc system level simulation.ilk
c:\users\jaewon lee\dropbox\k-simsys\5g k-simsys (181205)\vs project_nrurllc system level simulation\x64\debug\vs project_nrurllc system level simulation.exe
c:\users\jaewon lee\dropbox\k-simsys\5g k-simsys (181205)\vs project_nrurllc system level simulation\x64\debug\vs project_nrurllc system level simulation.pdb
c:\simulator\5g k-simsys (181205)\vs project_nrurllc system level simulation\x64\debug\vs project_nrurllc system level simulation.ilk
c:\simulator\5g k-simsys (181205)\vs project_nrurllc system level simulation\x64\debug\vs project_nrurllc system level simulation.exe
c:\simulator\5g k-simsys (181205)\vs project_nrurllc system level simulation\x64\debug\vs project_nrurllc system level simulation.pdb
c:\simulator\5g k-simsys (181205)\vs project_nrurllc system level simulation\vs project_nrurllc system level simulation\x64\debug\3dspatialchannelmodel_nrurllc.obj.enc
c:\simulator\5g k-simsys (181205)\vs project_nrurllc system level simulation\vs project_nrurllc system level simulation\x64\debug\channelurllcms_nrurllc.obj.enc
c:\simulator\5g k-simsys (181205)\vs project_nrurllc system level simulation\vs project_nrurllc system level simulation\x64\debug\vs proje.bb89e1df.tlog\cl.command.1.tlog
c:\simulator\5g k-simsys (181205)\vs project_nrurllc system level simulation\vs project_nrurllc system level simulation\x64\debug\vs proje.bb89e1df.tlog\cl.read.1.tlog
c:\simulator\5g k-simsys (181205)\vs project_nrurllc system level simulation\vs project_nrurllc system level simulation\x64\debug\vs proje.bb89e1df.tlog\cl.write.1.tlog
c:\simulator\5g k-simsys (181205)\vs project_nrurllc system level simulation\vs project_nrurllc system level simulation\x64\debug\vs proje.bb89e1df.tlog\link.command.1.tlog
c:\simulator\5g k-simsys (181205)\vs project_nrurllc system level simulation\vs project_nrurllc system level simulation\x64\debug\vs proje.bb89e1df.tlog\link.read.1.tlog
c:\simulator\5g k-simsys (181205)\vs project_nrurllc system level simulation\vs project_nrurllc system level simulation\x64\debug\vs proje.bb89e1df.tlog\link.write.1.tlog
