  SystemURLLCMS_NRuRLLC.cpp
CL : warning : detected 'min' and/or 'max' macros and undefined them;
CL : warning : you may wish to define NOMINMAX before including any windows header
  SystemMS_NRuRLLC.cpp
CL : warning : detected 'min' and/or 'max' macros and undefined them;
CL : warning : you may wish to define NOMINMAX before including any windows header
  SystemBS_NRuRLLC.cpp
CL : warning : detected 'min' and/or 'max' macros and undefined them;
CL : warning : you may wish to define NOMINMAX before including any windows header
  SystemSim_NRuRLLC.cpp
CL : warning : detected 'min' and/or 'max' macros and undefined them;
CL : warning : you may wish to define NOMINMAX before including any windows header
c:\5g k-simsys (190218)\simulator\simulation top\global\systemsim_nrurllc.cpp(107): warning C4244: '=': conversion from 'double' to 'int', possible loss of data
c:\5g k-simsys (190218)\simulator\simulation top\global\systemsim_nrurllc.cpp(108): warning C4244: '=': conversion from 'double' to 'int', possible loss of data
  Global.cpp
CL : warning : detected 'min' and/or 'max' macros and undefined them;
CL : warning : you may wish to define NOMINMAX before including any windows header
c:\5g k-simsys (190218)\simulator\simulation top\global\global.cpp(48): warning C4267: '=': conversion from 'size_t' to 'int', possible loss of data
  Scheduling_NRuRLLC.cpp
CL : warning : detected 'min' and/or 'max' macros and undefined them;
CL : warning : you may wish to define NOMINMAX before including any windows header
c:\5g k-simsys (190218)\simulator\radio resource management\scheduling\scheduling_nrurllc.cpp(128): warning C4244: 'initializing': conversion from 'double' to 'int', possible loss of data
  SchedulingURLLCMS_NRuRLLC.cpp
CL : warning : detected 'min' and/or 'max' macros and undefined them;
CL : warning : you may wish to define NOMINMAX before including any windows header
c:\5g k-simsys (190218)\simulator\radio resource management\schedulingurllcms\schedulingurllcms_nrurllc.cpp(48): warning C4244: '=': conversion from 'double' to 'int', possible loss of data
c:\5g k-simsys (190218)\simulator\radio resource management\schedulingurllcms\schedulingurllcms_nrurllc.cpp(49): warning C4244: '=': conversion from 'double' to 'int', possible loss of data
c:\5g k-simsys (190218)\simulator\radio resource management\schedulingurllcms\schedulingurllcms_nrurllc.cpp(65): warning C4244: '=': conversion from 'double' to 'int', possible loss of data
c:\5g k-simsys (190218)\simulator\radio resource management\schedulingurllcms\schedulingurllcms_nrurllc.cpp(97): warning C4244: 'argument': conversion from 'double' to 'const arma::uword', possible loss of data
c:\5g k-simsys (190218)\simulator\radio resource management\schedulingurllcms\schedulingurllcms_nrurllc.cpp(136): warning C4244: 'argument': conversion from 'double' to 'const arma::uword', possible loss of data
  SchedulingMS_NRuRLLC.cpp
CL : warning : detected 'min' and/or 'max' macros and undefined them;
CL : warning : you may wish to define NOMINMAX before including any windows header
c:\5g k-simsys (190218)\simulator\radio resource management\schedulingms\schedulingms_nrurllc.cpp(90): warning C4244: 'argument': conversion from 'double' to 'const arma::uword', possible loss of data
c:\5g k-simsys (190218)\simulator\radio resource management\schedulingms\schedulingms_nrurllc.cpp(129): warning C4244: 'argument': conversion from 'double' to 'const arma::uword', possible loss of data
  SchedulingBS_NRuRLLC.cpp
CL : warning : detected 'min' and/or 'max' macros and undefined them;
CL : warning : you may wish to define NOMINMAX before including any windows header
c:\5g k-simsys (190218)\simulator\radio resource management\schedulingbs\schedulingbs_nrurllc.cpp(118): warning C4244: 'argument': conversion from 'double' to 'const arma::uword', possible loss of data
c:\5g k-simsys (190218)\simulator\radio resource management\schedulingbs\schedulingbs_nrurllc.cpp(267): warning C4244: 'argument': conversion from 'double' to 'const arma::uword', possible loss of data
  Network_NRuRLLC.cpp
CL : warning : detected 'min' and/or 'max' macros and undefined them;
CL : warning : you may wish to define NOMINMAX before including any windows header
  NetworkURLLCMS_NRuRLLC.cpp
CL : warning : detected 'min' and/or 'max' macros and undefined them;
CL : warning : you may wish to define NOMINMAX before including any windows header
c:\5g k-simsys (190218)\simulator\network configuration\networkurllcms\networkurllcms_nrurllc.cpp(79): warning C4101: 'interSiteDistance': unreferenced local variable
  NetworkMS_NRuRLLC.cpp
CL : warning : detected 'min' and/or 'max' macros and undefined them;
CL : warning : you may wish to define NOMINMAX before including any windows header
c:\5g k-simsys (190218)\simulator\network configuration\networkms\networkms_nrurllc.cpp(79): warning C4101: 'interSiteDistance': unreferenced local variable
  NetworkBS_NRuRLLC.cpp
CL : warning : detected 'min' and/or 'max' macros and undefined them;
CL : warning : you may wish to define NOMINMAX before including any windows header
c:\5g k-simsys (190218)\simulator\network configuration\networkbs\networkbs_nrurllc.cpp(83): warning C4244: 'argument': conversion from 'double' to 'const arma::uword', possible loss of data
c:\5g k-simsys (190218)\simulator\network configuration\networkbs\networkbs_nrurllc.cpp(84): warning C4244: 'argument': conversion from 'double' to 'const arma::uword', possible loss of data
c:\5g k-simsys (190218)\simulator\network configuration\networkbs\networkbs_nrurllc.cpp(100): warning C4244: 'argument': conversion from 'double' to 'const arma::uword', possible loss of data
c:\5g k-simsys (190218)\simulator\network configuration\networkbs\networkbs_nrurllc.cpp(101): warning C4244: 'argument': conversion from 'double' to 'const arma::uword', possible loss of data
  Performance_NRuRLLC.cpp
CL : warning : detected 'min' and/or 'max' macros and undefined them;
CL : warning : you may wish to define NOMINMAX before including any windows header
  PerformanceURLLCMS_NRuRLLC.cpp
CL : warning : detected 'min' and/or 'max' macros and undefined them;
CL : warning : you may wish to define NOMINMAX before including any windows header
  PerformanceMS_NRuRLLC.cpp
CL : warning : detected 'min' and/or 'max' macros and undefined them;
CL : warning : you may wish to define NOMINMAX before including any windows header
  PerformanceBS_NRuRLLC.cpp
CL : warning : detected 'min' and/or 'max' macros and undefined them;
CL : warning : you may wish to define NOMINMAX before including any windows header
c:\5g k-simsys (190218)\simulator\link performance\performancebs\performancebs_nrurllc.cpp(60): warning C4244: 'initializing': conversion from 'double' to 'int', possible loss of data
  Channel_NRuRLLC.cpp
CL : warning : detected 'min' and/or 'max' macros and undefined them;
CL : warning : you may wish to define NOMINMAX before including any windows header
  ChannelURLLCMS_NRuRLLC.cpp
CL : warning : detected 'min' and/or 'max' macros and undefined them;
CL : warning : you may wish to define NOMINMAX before including any windows header
  ChannelMS_NRuRLLC.cpp
CL : warning : detected 'min' and/or 'max' macros and undefined them;
CL : warning : you may wish to define NOMINMAX before including any windows header
  Generating Code...
c:\5g k-simsys (190218)\simulator\radio resource management\schedulingbs\schedulingbs_nrurllc.cpp(428): warning C4715: 'SchedulingBS::PrecodingMatrix': not all control paths return a value
c:\5g k-simsys (190218)\simulator\radio resource management\schedulingms\schedulingms_nrurllc.cpp(292): warning C4715: 'SchedulingMS::PrecodingMatrix': not all control paths return a value
c:\5g k-simsys (190218)\simulator\radio resource management\schedulingurllcms\schedulingurllcms_nrurllc.cpp(299): warning C4715: 'SchedulingURLLCMS::PrecodingMatrix': not all control paths return a value
  Compiling...
  ChannelBS_NRuRLLC.cpp
CL : warning : detected 'min' and/or 'max' macros and undefined them;
CL : warning : you may wish to define NOMINMAX before including any windows header
  3DSpatialChannelModel_NRuRLLC.cpp
CL : warning : detected 'min' and/or 'max' macros and undefined them;
CL : warning : you may wish to define NOMINMAX before including any windows header
c:\5g k-simsys (190218)\simulator\channel model\3d spatialchannelmodel\3dspatialchannelmodel_nrurllc.cpp(984): warning C4101: 'cdistance2D': unreferenced local variable
c:\5g k-simsys (190218)\simulator\channel model\3d spatialchannelmodel\3dspatialchannelmodel_nrurllc.cpp(984): warning C4101: 'gdistance2D': unreferenced local variable
c:\5g k-simsys (190218)\simulator\channel model\3d spatialchannelmodel\3dspatialchannelmodel_nrurllc.cpp(1059): warning C4244: 'argument': conversion from 'double' to 'const arma::uword', possible loss of data
c:\5g k-simsys (190218)\simulator\channel model\3d spatialchannelmodel\3dspatialchannelmodel_nrurllc.cpp(1060): warning C4244: 'argument': conversion from 'double' to 'const arma::uword', possible loss of data
c:\5g k-simsys (190218)\simulator\channel model\3d spatialchannelmodel\3dspatialchannelmodel_nrurllc.cpp(1093): warning C4244: '=': conversion from 'double' to 'int', possible loss of data
c:\5g k-simsys (190218)\simulator\channel model\3d spatialchannelmodel\3dspatialchannelmodel_nrurllc.cpp(1098): warning C4244: '=': conversion from 'double' to 'int', possible loss of data
c:\5g k-simsys (190218)\simulator\channel model\3d spatialchannelmodel\3dspatialchannelmodel_nrurllc.cpp(1146): warning C4244: 'argument': conversion from 'double' to 'const arma::uword', possible loss of data
c:\5g k-simsys (190218)\simulator\channel model\3d spatialchannelmodel\3dspatialchannelmodel_nrurllc.cpp(1147): warning C4244: 'argument': conversion from 'double' to 'const arma::uword', possible loss of data
c:\5g k-simsys (190218)\simulator\channel model\3d spatialchannelmodel\3dspatialchannelmodel_nrurllc.cpp(1148): warning C4244: 'argument': conversion from 'double' to 'const arma::uword', possible loss of data
c:\5g k-simsys (190218)\simulator\channel model\3d spatialchannelmodel\3dspatialchannelmodel_nrurllc.cpp(1149): warning C4244: 'argument': conversion from 'double' to 'const arma::uword', possible loss of data
c:\5g k-simsys (190218)\simulator\channel model\3d spatialchannelmodel\3dspatialchannelmodel_nrurllc.cpp(1150): warning C4244: 'argument': conversion from 'double' to 'const arma::uword', possible loss of data
c:\5g k-simsys (190218)\simulator\channel model\3d spatialchannelmodel\3dspatialchannelmodel_nrurllc.cpp(1151): warning C4244: 'argument': conversion from 'double' to 'const arma::uword', possible loss of data
c:\5g k-simsys (190218)\simulator\channel model\3d spatialchannelmodel\3dspatialchannelmodel_nrurllc.cpp(1152): warning C4244: 'argument': conversion from 'double' to 'const arma::uword', possible loss of data
c:\5g k-simsys (190218)\simulator\channel model\3d spatialchannelmodel\3dspatialchannelmodel_nrurllc.cpp(1153): warning C4244: 'argument': conversion from 'double' to 'const arma::uword', possible loss of data
c:\5g k-simsys (190218)\simulator\channel model\3d spatialchannelmodel\3dspatialchannelmodel_nrurllc.cpp(1530): warning C4244: 'argument': conversion from 'double' to 'const arma::uword', possible loss of data
c:\5g k-simsys (190218)\simulator\channel model\3d spatialchannelmodel\3dspatialchannelmodel_nrurllc.cpp(1531): warning C4244: 'argument': conversion from 'double' to 'const arma::uword', possible loss of data
c:\5g k-simsys (190218)\simulator\channel model\3d spatialchannelmodel\3dspatialchannelmodel_nrurllc.cpp(1532): warning C4244: 'argument': conversion from 'double' to 'const arma::uword', possible loss of data
c:\5g k-simsys (190218)\simulator\channel model\3d spatialchannelmodel\3dspatialchannelmodel_nrurllc.cpp(1533): warning C4244: 'argument': conversion from 'double' to 'const arma::uword', possible loss of data
c:\5g k-simsys (190218)\simulator\channel model\3d spatialchannelmodel\3dspatialchannelmodel_nrurllc.cpp(1213): warning C4101: 'riceanKdB': unreferenced local variable
c:\5g k-simsys (190218)\simulator\channel model\3d spatialchannelmodel\3dspatialchannelmodel_nrurllc.cpp(1703): warning C4244: 'argument': conversion from 'double' to 'int', possible loss of data
c:\5g k-simsys (190218)\simulator\channel model\3d spatialchannelmodel\3dspatialchannelmodel_nrurllc.cpp(1704): warning C4244: 'argument': conversion from 'double' to 'int', possible loss of data
c:\5g k-simsys (190218)\simulator\channel model\3d spatialchannelmodel\3dspatialchannelmodel_nrurllc.cpp(1792): warning C4244: 'argument': conversion from 'double' to 'int', possible loss of data
c:\5g k-simsys (190218)\simulator\channel model\3d spatialchannelmodel\3dspatialchannelmodel_nrurllc.cpp(1793): warning C4244: 'argument': conversion from 'double' to 'int', possible loss of data
c:\5g k-simsys (190218)\simulator\channel model\3d spatialchannelmodel\3dspatialchannelmodel_nrurllc.cpp(1590): warning C4101: 'riceanKdB': unreferenced local variable
  Generating Code...
  VS Project_NRuRLLC System Level Simulation.vcxproj -> C:\5G K-SimSys (190218)\VS Project_NRuRLLC System Level Simulation\x64\Debug\VS Project_NRuRLLC System Level Simulation.exe
  VS Project_NRuRLLC System Level Simulation.vcxproj -> C:\5G K-SimSys (190218)\VS Project_NRuRLLC System Level Simulation\x64\Debug\VS Project_NRuRLLC System Level Simulation.pdb (Full PDB)
