c:\users\lijre\dropbox\k-simsys\5g k-simsys (181102)\vs project_nrurllc system level simulation\vs project_nrurllc system level simulation\x64\release\vc140.pdb
c:\users\lijre\dropbox\k-simsys\5g k-simsys (181102)\vs project_nrurllc system level simulation\vs project_nrurllc system level simulation\x64\release\systembs_nrurllc.obj
c:\users\lijre\dropbox\k-simsys\5g k-simsys (181102)\vs project_nrurllc system level simulation\vs project_nrurllc system level simulation\x64\release\systemsim_nrurllc.obj
c:\users\lijre\dropbox\k-simsys\5g k-simsys (181102)\vs project_nrurllc system level simulation\vs project_nrurllc system level simulation\x64\release\global.obj
c:\users\lijre\dropbox\k-simsys\5g k-simsys (181102)\vs project_nrurllc system level simulation\vs project_nrurllc system level simulation\x64\release\scheduling_nrurllc.obj
c:\users\lijre\dropbox\k-simsys\5g k-simsys (181102)\vs project_nrurllc system level simulation\vs project_nrurllc system level simulation\x64\release\schedulingurllcms_nrurllc.obj
c:\users\lijre\dropbox\k-simsys\5g k-simsys (181102)\vs project_nrurllc system level simulation\vs project_nrurllc system level simulation\x64\release\schedulingms_nrurllc.obj
c:\users\lijre\dropbox\k-simsys\5g k-simsys (181102)\vs project_nrurllc system level simulation\vs project_nrurllc system level simulation\x64\release\schedulingbs_nrurllc.obj
c:\users\lijre\dropbox\k-simsys\5g k-simsys (181102)\vs project_nrurllc system level simulation\vs project_nrurllc system level simulation\x64\release\network_nrurllc.obj
c:\users\lijre\dropbox\k-simsys\5g k-simsys (181102)\vs project_nrurllc system level simulation\vs project_nrurllc system level simulation\x64\release\networkurllcms_nrurllc.obj
c:\users\lijre\dropbox\k-simsys\5g k-simsys (181102)\vs project_nrurllc system level simulation\vs project_nrurllc system level simulation\x64\release\networkms_nrurllc.obj
c:\users\lijre\dropbox\k-simsys\5g k-simsys (181102)\vs project_nrurllc system level simulation\vs project_nrurllc system level simulation\x64\release\networkbs_nrurllc.obj
c:\users\lijre\dropbox\k-simsys\5g k-simsys (181102)\vs project_nrurllc system level simulation\vs project_nrurllc system level simulation\x64\release\performance_nrurllc.obj
c:\users\lijre\dropbox\k-simsys\5g k-simsys (181102)\vs project_nrurllc system level simulation\vs project_nrurllc system level simulation\x64\release\performanceurllcms_nrurllc.obj
c:\users\lijre\dropbox\k-simsys\5g k-simsys (181102)\vs project_nrurllc system level simulation\vs project_nrurllc system level simulation\x64\release\performancems_nrurllc.obj
c:\users\lijre\dropbox\k-simsys\5g k-simsys (181102)\vs project_nrurllc system level simulation\vs project_nrurllc system level simulation\x64\release\performancebs_nrurllc.obj
c:\users\lijre\dropbox\k-simsys\5g k-simsys (181102)\vs project_nrurllc system level simulation\vs project_nrurllc system level simulation\x64\release\channel_nrurllc.obj
c:\users\lijre\dropbox\k-simsys\5g k-simsys (181102)\vs project_nrurllc system level simulation\vs project_nrurllc system level simulation\x64\release\channelurllcms_nrurllc.obj
c:\users\lijre\dropbox\k-simsys\5g k-simsys (181102)\vs project_nrurllc system level simulation\vs project_nrurllc system level simulation\x64\release\channelms_nrurllc.obj
c:\users\lijre\dropbox\k-simsys\5g k-simsys (181102)\vs project_nrurllc system level simulation\vs project_nrurllc system level simulation\x64\release\channelbs_nrurllc.obj
c:\users\lijre\dropbox\k-simsys\5g k-simsys (181102)\vs project_nrurllc system level simulation\vs project_nrurllc system level simulation\x64\release\3dspatialchannelmodel_nrurllc.obj
c:\users\lijre\dropbox\k-simsys\5g k-simsys (181102)\vs project_nrurllc system level simulation\vs project_nrurllc system level simulation\x64\release\systemurllcms_nrurllc.obj
c:\users\lijre\dropbox\k-simsys\5g k-simsys (181102)\vs project_nrurllc system level simulation\vs project_nrurllc system level simulation\x64\release\systemms_nrurllc.obj
c:\users\lijre\dropbox\k-simsys\5g k-simsys (181102)\vs project_nrurllc system level simulation\vs project_nrurllc system level simulation\x64\release\vs proje.bb89e1df.tlog\cl.command.1.tlog
c:\users\lijre\dropbox\k-simsys\5g k-simsys (181102)\vs project_nrurllc system level simulation\vs project_nrurllc system level simulation\x64\release\vs proje.bb89e1df.tlog\cl.read.1.tlog
c:\users\lijre\dropbox\k-simsys\5g k-simsys (181102)\vs project_nrurllc system level simulation\vs project_nrurllc system level simulation\x64\release\vs proje.bb89e1df.tlog\cl.write.1.tlog
c:\users\lijre\dropbox\k-simsys\5g k-simsys (181102)\vs project_nrurllc system level simulation\vs project_nrurllc system level simulation\x64\release\vs proje.bb89e1df.tlog\link.command.1.tlog
c:\users\lijre\dropbox\k-simsys\5g k-simsys (181102)\vs project_nrurllc system level simulation\vs project_nrurllc system level simulation\x64\release\vs proje.bb89e1df.tlog\link.read.1.tlog
c:\users\lijre\dropbox\k-simsys\5g k-simsys (181102)\vs project_nrurllc system level simulation\vs project_nrurllc system level simulation\x64\release\vs proje.bb89e1df.tlog\link.write.1.tlog
